!!! 2013-12-28 20:42:21  Started by lipa@UNKNOWN on Sat Dec 28 20:42:21 2013

!!! 2013-12-28 20:42:21  Doing step 10:  Building AMOS bank
!!! 2013-12-28 20:42:21  Running: /home/lipa/bioinfo/amos/bin/bank-transact -c -z -b reads.bnk -m reads.afg
START DATE: Sat Dec 28 20:42:21 2013
Bank is: reads.bnk
    0%                                            100%
AFG ..................................................
Messages read: 312
Objects added: 312
Objects deleted: 0
Objects replaced: 0
END DATE:   Sat Dec 28 20:42:21 2013
!!! 2013-12-28 20:42:21  Done! Elapsed time:0d 0h 0m 0s

!!! 2013-12-28 20:42:21  Doing step 20:  Running overlap
!!! 2013-12-28 20:42:21  Running: /home/lipa/bioinfo/amos/bin/hash-overlap -B reads.bnk
Starting on Sat Dec 28 20:42:21 2013

Read bank is reads.bnk
Alignment error rate is 0.06
Minimum overlap bases is 40
Be strand-specific: 0
!!! 2013-12-28 20:42:22  Done! Elapsed time:0d 0h 0m 1s

!!! 2013-12-28 20:42:22  Doing step 30:  Running contigger
!!! 2013-12-28 20:42:22  Running: /home/lipa/bioinfo/amos/bin/tigger -b reads.bnk
 Pulling reads from bank reads.bnk
Pulled 155 reads from bank 
 Pulling overlaps from bank reads.bnk
Pulled 1221 overlaps from bank 
 total contained reads hidden 131
 number of contigs 4
this pass containment size is 131
131 containment reads added back on this pass 
 sub-total contained reads unhidden 131
 total contained reads unhidden 131
 Writing layouts to bank reads.bnk
!!! 2013-12-28 20:42:22  Done! Elapsed time:0d 0h 0m 0s

!!! 2013-12-28 20:42:22  Doing step 40:  Running consensus
!!! 2013-12-28 20:42:22  Running: /home/lipa/bioinfo/amos/bin/make-consensus -B -b reads.bnk
Starting on Sat Dec 28 20:42:22 2013

Read bank is reads.bnk
Alignment error rate is 0.06
Minimum overlap bases is 5
Output will be written to the bank
Input is being read from the bank 
Processed 1 layouts
!!! 2013-12-28 20:42:22  Done! Elapsed time:0d 0h 0m 0s

!!! 2013-12-28 20:42:22  Doing step 50:  Outputting contigs
!!! 2013-12-28 20:42:22  Running: /home/lipa/bioinfo/amos/bin/bank2contig reads.bnk > reads.contig
Processing reads.bnk at Sat Dec 28 20:42:22 2013
End: Sat Dec 28 20:42:22 2013
!!! 2013-12-28 20:42:22  Done! Elapsed time:0d 0h 0m 0s

!!! 2013-12-28 20:42:22  Doing step 60:  Converting to FastA file
!!! 2013-12-28 20:42:22  Running: /home/lipa/bioinfo/amos/bin/bank2fasta -b reads.bnk > reads.fasta
!!! 2013-12-28 20:42:22  Done! Elapsed time:0d 0h 0m 0s

!!! END - Elapsed time: 0d 0h 0m 1s

